<?xml version="1.0" encoding="UTF-8"?>
<testsuite name="PuzzleTest" tests="1" skipped="0" failures="0" errors="0" timestamp="2015-08-19T22:16:26" hostname="epicodus-103.local" time="0.001">
  <properties/>
  <testcase name="puzzle_instantiatesCorrectly_true" classname="PuzzleTest" time="0.001"/>
  <system-out><![CDATA[]]></system-out>
  <system-err><![CDATA[]]></system-err>
</testsuite>
